[14Dec2024 00:01:43.305] [Server thread/INFO] [net.minecraft.server.MinecraftServer/]: moralepri23 has made the advancement [Exploration]
[14Dec2024 00:01:43.838] [Server thread/WARN] [net.minecraft.server.level.ServerLevel/]: Tried to add entity upgrade_aquatic:thrasher but it was marked as removed already
[14Dec2024 00:02:29.637] [Server thread/WARN] [net.minecraft.server.level.ServerLevel/]: Tried to add entity upgrade_aquatic:thrasher but it was marked as removed already
[14Dec2024 00:02:31.820] [Worker-Main-5/ERROR] [net.minecraft.world.entity.decoration.HangingEntity/]: Hanging entity at invalid position: BlockPos{x=-1329, y=109, z=1363}
[14Dec2024 00:02:43.781] [Server thread/INFO] [net.minecraft.server.MinecraftServer/]: melman810 has completed the challenge [Power Of The Sea]
[14Dec2024 00:02:49.036] [Server thread/WARN] [net.minecraft.server.level.ServerLevel/]: Tried to add entity upgrade_aquatic:thrasher but it was marked as removed already
[14Dec2024 00:02:58.253] [Server thread/INFO] [net.minecraft.server.MinecraftServer/]: moralepri23 has completed the challenge [Power Of The Sea]
[14Dec2024 00:03:07.652] [Server thread/WARN] [net.minecraft.server.network.ServerGamePacketListenerImpl/]: melman810 was kicked for floating too long!
[14Dec2024 00:03:07.653] [Server thread/INFO] [net.minecraft.server.network.ServerGamePacketListenerImpl/]: melman810 lost connection: Flying is not enabled on this server
[14Dec2024 00:03:07.653] [Server thread/INFO] [net.minecraft.server.MinecraftServer/]: melman810 left the game
[14Dec2024 00:03:07.654] [Server thread/INFO] [xaero.pac.OpenPartiesAndClaims/]: Updating all forceload tickets for 672a2ebf-5d5f-371c-9a84-d5f567d9ae72
[14Dec2024 00:03:07.703] [Server thread/WARN] [net.minecraft.network.Connection/]: handleDisconnection() called twice
[14Dec2024 00:03:26.467] [Server thread/INFO] [net.minecraftforge.common.AdvancementLoadFix/]: Using new advancement loading for net.minecraft.server.PlayerAdvancements@5767cdef
[14Dec2024 00:03:26.505] [Server thread/INFO] [net.minecraft.server.players.PlayerList/]: melman810[/127.161.58.45:43041] logged in with entity id 20758 at (-1323.0484480219295, 67.63746340183907, -602.3064637296293)
[14Dec2024 00:03:26.507] [Server thread/INFO] [ModdingLegacy/blue_skies/]: Sending ToolHandleTypeManager to melman810
[14Dec2024 00:03:26.507] [Server thread/INFO] [ModdingLegacy/blue_skies/]: Sending SnowcapOvenFreezingManager to melman810
[14Dec2024 00:03:26.508] [Server thread/INFO] [ModdingLegacy/blue_skies/]: Sending HorizoniteForgeFuelManager to melman810
[14Dec2024 00:03:26.508] [Server thread/INFO] [ModdingLegacy/blue_skies/]: Sending AlchemyRecipeManager to melman810
[14Dec2024 00:03:26.511] [Server thread/INFO] [ModdingLegacy/blue_skies/]: Sending JournalEntryManager to melman810
[14Dec2024 00:03:26.515] [Server thread/INFO] [ModdingLegacy/blue_skies/]: Sending JournalSectionManager to melman810
[14Dec2024 00:03:26.516] [Server thread/INFO] [ModdingLegacy/blue_skies/]: Sending JournalRequirementManager to melman810
[14Dec2024 00:03:26.577] [Server thread/INFO] [net.minecraft.server.MinecraftServer/]: melman810 joined the game
[14Dec2024 00:03:26.662] [Server thread/INFO] [xaero.pac.OpenPartiesAndClaims/]: Updating all forceload tickets for 672a2ebf-5d5f-371c-9a84-d5f567d9ae72
[14Dec2024 00:03:26.673] [Server thread/INFO] [se.mickelus.tetra.data.DataManager/]: Sending data to client: melman810
[14Dec2024 00:03:26.696] [Server thread/INFO] [Jade/]: Syncing config to melman810 (672a2ebf-5d5f-371c-9a84-d5f567d9ae72)
[14Dec2024 00:03:26.699] [Server thread/INFO] [Enigmatic Legacy/INFO]: Synchronizing omniconfig files to melman810...
[14Dec2024 00:03:26.699] [Server thread/INFO] [Enigmatic Legacy/INFO]: Sending data for enigmaticlegacy-common.omniconf
[14Dec2024 00:03:26.699] [Server thread/INFO] [Enigmatic Legacy/INFO]: Granting starter gear to melman810
[14Dec2024 00:03:27.796] [Server thread/INFO] [ImprovableSkills/]: Sending skill data to melman810 (672a2ebf-5d5f-371c-9a84-d5f567d9ae72)
[14Dec2024 00:04:17.312] [Server thread/WARN] [net.minecraft.server.level.ServerPlayerGameMode/]: Mismatch in destroy block pos: BlockPos{x=-1324, y=62, z=-603} BlockPos{x=-1323, y=62, z=-603}
[14Dec2024 00:04:26.505] [Server thread/WARN] [net.minecraft.server.network.ServerGamePacketListenerImpl/]: moralepri23 was kicked for floating too long!
[14Dec2024 00:04:26.551] [Server thread/INFO] [net.minecraft.server.network.ServerGamePacketListenerImpl/]: moralepri23 lost connection: Flying is not enabled on this server
[14Dec2024 00:04:26.551] [Server thread/INFO] [net.minecraft.server.MinecraftServer/]: moralepri23 left the game
[14Dec2024 00:04:26.551] [Server thread/INFO] [xaero.pac.OpenPartiesAndClaims/]: Updating all forceload tickets for 7475c504-1df9-3778-8347-56ba558987a5
[14Dec2024 00:04:41.419] [Server thread/INFO] [net.minecraftforge.common.AdvancementLoadFix/]: Using new advancement loading for net.minecraft.server.PlayerAdvancements@d76e1b7
[14Dec2024 00:04:41.447] [Server thread/INFO] [net.minecraft.server.players.PlayerList/]: moralepri23[/127.35.245.42:50513] logged in with entity id 21203 at (-1357.2322657208722, 67.7200540400692, -590.1176155358135)
[14Dec2024 00:04:41.448] [Server thread/INFO] [ModdingLegacy/blue_skies/]: Sending ToolHandleTypeManager to moralepri23
[14Dec2024 00:04:41.449] [Server thread/INFO] [ModdingLegacy/blue_skies/]: Sending SnowcapOvenFreezingManager to moralepri23
[14Dec2024 00:04:41.449] [Server thread/INFO] [ModdingLegacy/blue_skies/]: Sending HorizoniteForgeFuelManager to moralepri23
[14Dec2024 00:04:41.449] [Server thread/INFO] [ModdingLegacy/blue_skies/]: Sending AlchemyRecipeManager to moralepri23
[14Dec2024 00:04:41.451] [Server thread/INFO] [ModdingLegacy/blue_skies/]: Sending JournalEntryManager to moralepri23
[14Dec2024 00:04:41.453] [Server thread/INFO] [ModdingLegacy/blue_skies/]: Sending JournalSectionManager to moralepri23
[14Dec2024 00:04:41.453] [Server thread/INFO] [ModdingLegacy/blue_skies/]: Sending JournalRequirementManager to moralepri23
[14Dec2024 00:04:41.483] [Server thread/INFO] [net.minecraft.server.MinecraftServer/]: moralepri23 joined the game
[14Dec2024 00:04:41.538] [Server thread/INFO] [xaero.pac.OpenPartiesAndClaims/]: Updating all forceload tickets for 7475c504-1df9-3778-8347-56ba558987a5
[14Dec2024 00:04:41.551] [Server thread/INFO] [se.mickelus.tetra.data.DataManager/]: Sending data to client: moralepri23
[14Dec2024 00:04:41.564] [Server thread/INFO] [Jade/]: Syncing config to moralepri23 (7475c504-1df9-3778-8347-56ba558987a5)
[14Dec2024 00:04:41.566] [Server thread/INFO] [Enigmatic Legacy/INFO]: Synchronizing omniconfig files to moralepri23...
[14Dec2024 00:04:41.567] [Server thread/INFO] [Enigmatic Legacy/INFO]: Sending data for enigmaticlegacy-common.omniconf
[14Dec2024 00:04:41.568] [Server thread/INFO] [Enigmatic Legacy/INFO]: Granting starter gear to moralepri23
[14Dec2024 00:04:42.478] [Server thread/INFO] [ImprovableSkills/]: Sending skill data to moralepri23 (7475c504-1df9-3778-8347-56ba558987a5)
[14Dec2024 00:05:06.256] [Server thread/INFO] [com.teampotato.redirector.Redirector/]: Redirecting net/minecraft/world/level/material/MaterialColor$Brightness
[14Dec2024 00:05:08.155] [Server thread/INFO] [net.minecraft.server.MinecraftServer/]: moralepri23 has completed the challenge [The Dead Sea]
[14Dec2024 00:06:03.186] [Server thread/WARN] [net.minecraft.server.level.ServerLevel/]: Tried to add entity upgrade_aquatic:thrasher but it was marked as removed already
[14Dec2024 00:06:23.401] [Server thread/INFO] [net.minecraft.server.MinecraftServer/]: melman810 has completed the challenge [The Dead Sea]
[14Dec2024 00:06:53.387] [Server thread/WARN] [net.minecraft.server.level.ServerLevel/]: Tried to add entity upgrade_aquatic:thrasher but it was marked as removed already
[14Dec2024 00:07:38.835] [Server thread/WARN] [net.minecraft.server.level.ServerLevel/]: Tried to add entity upgrade_aquatic:thrasher but it was marked as removed already
[14Dec2024 00:08:14.935] [Server thread/WARN] [net.minecraft.server.level.ServerLevel/]: Tried to add entity upgrade_aquatic:thrasher but it was marked as removed already
[14Dec2024 00:09:49.787] [Server thread/WARN] [net.minecraft.server.level.ServerLevel/]: Tried to add entity upgrade_aquatic:thrasher but it was marked as removed already
[14Dec2024 00:11:03.936] [Server thread/WARN] [net.minecraft.server.level.ServerLevel/]: Tried to add entity upgrade_aquatic:thrasher but it was marked as removed already
[14Dec2024 00:14:04.538] [Server thread/WARN] [net.minecraft.server.level.ServerLevel/]: Tried to add entity upgrade_aquatic:thrasher but it was marked as removed already
[14Dec2024 00:14:08.587] [Server thread/WARN] [net.minecraft.server.level.ServerLevel/]: Tried to add entity upgrade_aquatic:thrasher but it was marked as removed already
[14Dec2024 00:16:15.405] [Server thread/INFO] [net.minecraft.server.MinecraftServer/]: moralepri23 has reached the goal [Postmortal]
[14Dec2024 00:17:08.985] [Server thread/WARN] [net.minecraft.server.level.ServerLevel/]: Tried to add entity upgrade_aquatic:thrasher but it was marked as removed already
